<?xml version="1.0" encoding="UTF-8"?>
<!-- Generated by org.testng.reporters.JUnitReportReporter -->
<testsuite hostname="Akamai" failures="0" tests="1" name="zerobank.FlowThree" time="1.331" errors="0" timestamp="2021-11-09T08:05:21 CST" skipped="0">
  <testcase classname="zerobank.FlowThree" name="fundTransfer" time="1.331"/>
  <system-out/>
</testsuite> <!-- zerobank.FlowThree -->
