<?xml version="1.0" encoding="UTF-8"?>
<!-- Generated by org.testng.reporters.JUnitReportReporter -->
<testsuite hostname="Akamai" failures="0" tests="1" name="zerobank.FlowTwo" time="0.950" errors="0" timestamp="2021-11-08T22:02:19 CST" skipped="0">
  <testcase classname="zerobank.FlowTwo" name="accountActivity" time="0.950"/>
  <system-out/>
</testsuite> <!-- zerobank.FlowTwo -->
