<?xml version="1.0" encoding="UTF-8"?>
<!-- Generated by org.testng.reporters.JUnitReportReporter -->
<testsuite hostname="Akamai" failures="0" tests="2" name="zerobank.FlowOne" time="1.681" errors="0" timestamp="2021-11-09T17:27:35 CST" skipped="0">
  <testcase classname="zerobank.FlowOne" name="feedback" time="1.033"/>
  <system-out/>
  <testcase classname="zerobank.FlowOne" name="faqPage" time="0.648"/>
  <system-out/>
</testsuite> <!-- zerobank.FlowOne -->
