<?xml version="1.0" encoding="UTF-8"?>
<!-- Generated by org.testng.reporters.JUnitReportReporter -->
<testsuite hostname="Akamai" failures="0" tests="2" name="zerobank.FlowFour" time="2.652" errors="0" timestamp="2021-11-09T16:48:14 CST" skipped="0">
  <testcase classname="zerobank.FlowFour" name="payBills" time="1.586"/>
  <system-out/>
  <testcase classname="zerobank.FlowFour" name="buyForeignCurrency" time="1.066"/>
  <system-out/>
</testsuite> <!-- zerobank.FlowFour -->
