<?xml version="1.0" encoding="UTF-8"?>
<!-- Generated by org.testng.reporters.JUnitReportReporter -->
<testsuite hostname="Akamai" failures="0" tests="1" name="zerobank.FlowFive" time="0.436" errors="0" timestamp="2021-11-09T15:50:27 CST" skipped="0">
  <testcase classname="zerobank.FlowFive" name="statements" time="0.436"/>
  <system-out/>
</testsuite> <!-- zerobank.FlowFive -->
