<?xml version="1.0" encoding="UTF-8"?>
<!-- Generated by org.testng.reporters.JUnitReportReporter -->
<testsuite hostname="Akamai" failures="0" tests="5" name="zerobank.LoginTests" time="5.401" errors="0" timestamp="2021-11-09T15:40:22 CST" skipped="0">
  <testcase classname="zerobank.LoginTests" name="noData" time="0.749"/>
  <system-out/>
  <testcase classname="zerobank.LoginTests" name="noPassword" time="0.777"/>
  <system-out/>
  <testcase classname="zerobank.LoginTests" name="HappyLogInTest" time="2.106"/>
  <system-out/>
  <testcase classname="zerobank.LoginTests" name="invalidPassword" time="0.933"/>
  <system-out/>
  <testcase classname="zerobank.LoginTests" name="noUser" time="0.836"/>
  <system-out/>
</testsuite> <!-- zerobank.LoginTests -->
